{"C:\\Users\\PRINCE KUMAR\\English Dictionary\\backend\\src\\controllers\\wordController.js": {"path":"C:\\Users\\PRINCE KUMAR\\English Dictionary\\backend\\src\\controllers\\wordController.js","statementMap":{"0":{"start":{"line":3,"column":20},"end":{"line":3,"column":54}},"1":{"start":{"line":12,"column":4},"end":{"line":33,"column":5}},"2":{"start":{"line":13,"column":25},"end":{"line":13,"column":35}},"3":{"start":{"line":15,"column":23},"end":{"line":15,"column":60}},"4":{"start":{"line":17,"column":8},"end":{"line":22,"column":9}},"5":{"start":{"line":18,"column":12},"end":{"line":21,"column":15}},"6":{"start":{"line":24,"column":8},"end":{"line":27,"column":11}},"7":{"start":{"line":32,"column":8},"end":{"line":32,"column":20}},"8":{"start":{"line":36,"column":0},"end":{"line":38,"column":2}}},"fnMap":{"0":{"name":"getWord","decl":{"start":{"line":11,"column":15},"end":{"line":11,"column":22}},"loc":{"start":{"line":11,"column":39},"end":{"line":34,"column":1}},"line":11}},"branchMap":{"0":{"loc":{"start":{"line":17,"column":8},"end":{"line":22,"column":9}},"type":"if","locations":[{"start":{"line":17,"column":8},"end":{"line":22,"column":9}},{"start":{},"end":{}}],"line":17}},"s":{"0":1,"1":100,"2":100,"3":100,"4":99,"5":1,"6":98,"7":1,"8":1},"f":{"0":100},"b":{"0":[1,98]},"_coverageSchema":"1a1c01bbd47fc00a2c39e90264f33305004495a9","hash":"8a62c5e82f24e020a1a451eed9ce4ee28aebd370"}
,"C:\\Users\\PRINCE KUMAR\\English Dictionary\\backend\\src\\middleware\\errorHandler.js": {"path":"C:\\Users\\PRINCE KUMAR\\English Dictionary\\backend\\src\\middleware\\errorHandler.js","statementMap":{"0":{"start":{"line":3,"column":15},"end":{"line":3,"column":41}},"1":{"start":{"line":15,"column":23},"end":{"line":15,"column":44}},"2":{"start":{"line":17,"column":23},"end":{"line":23,"column":5}},"3":{"start":{"line":25,"column":4},"end":{"line":29,"column":5}},"4":{"start":{"line":26,"column":8},"end":{"line":26,"column":46}},"5":{"start":{"line":28,"column":8},"end":{"line":28,"column":48}},"6":{"start":{"line":31,"column":4},"end":{"line":33,"column":5}},"7":{"start":{"line":32,"column":8},"end":{"line":32,"column":59}},"8":{"start":{"line":48,"column":8},"end":{"line":48,"column":66}},"9":{"start":{"line":50,"column":4},"end":{"line":53,"column":7}},"10":{"start":{"line":56,"column":0},"end":{"line":56,"column":30}}},"fnMap":{"0":{"name":"errorHandler","decl":{"start":{"line":12,"column":9},"end":{"line":12,"column":21}},"loc":{"start":{"line":12,"column":43},"end":{"line":54,"column":1}},"line":12}},"branchMap":{"0":{"loc":{"start":{"line":15,"column":23},"end":{"line":15,"column":44}},"type":"binary-expr","locations":[{"start":{"line":15,"column":23},"end":{"line":15,"column":37}},{"start":{"line":15,"column":41},"end":{"line":15,"column":44}}],"line":15},"1":{"loc":{"start":{"line":25,"column":4},"end":{"line":29,"column":5}},"type":"if","locations":[{"start":{"line":25,"column":4},"end":{"line":29,"column":5}},{"start":{"line":27,"column":11},"end":{"line":29,"column":5}}],"line":25},"2":{"loc":{"start":{"line":31,"column":4},"end":{"line":33,"column":5}},"type":"if","locations":[{"start":{"line":31,"column":4},"end":{"line":33,"column":5}},{"start":{},"end":{}}],"line":31},"3":{"loc":{"start":{"line":31,"column":8},"end":{"line":31,"column":67}},"type":"binary-expr","locations":[{"start":{"line":31,"column":8},"end":{"line":31,"column":45}},{"start":{"line":31,"column":49},"end":{"line":31,"column":67}}],"line":31},"4":{"loc":{"start":{"line":48,"column":8},"end":{"line":48,"column":66}},"type":"cond-expr","locations":[{"start":{"line":48,"column":29},"end":{"line":48,"column":52}},{"start":{"line":48,"column":55},"end":{"line":48,"column":66}}],"line":48}},"s":{"0":1,"1":2,"2":2,"3":2,"4":1,"5":1,"6":2,"7":1,"8":2,"9":2,"10":1},"f":{"0":2},"b":{"0":[2,1],"1":[1,1],"2":[1,1],"3":[2,2],"4":[1,1]},"_coverageSchema":"1a1c01bbd47fc00a2c39e90264f33305004495a9","hash":"97641f43f675b41433600d656345bc4d212beb50"}
,"C:\\Users\\PRINCE KUMAR\\English Dictionary\\backend\\src\\middleware\\notFound.js": {"path":"C:\\Users\\PRINCE KUMAR\\English Dictionary\\backend\\src\\middleware\\notFound.js","statementMap":{"0":{"start":{"line":9,"column":4},"end":{"line":12,"column":7}},"1":{"start":{"line":15,"column":0},"end":{"line":15,"column":26}}},"fnMap":{"0":{"name":"notFound","decl":{"start":{"line":8,"column":9},"end":{"line":8,"column":17}},"loc":{"start":{"line":8,"column":34},"end":{"line":13,"column":1}},"line":8}},"branchMap":{},"s":{"0":1,"1":1},"f":{"0":1},"b":{},"_coverageSchema":"1a1c01bbd47fc00a2c39e90264f33305004495a9","hash":"b125643d6ad460cad4e9db24beb020cb7da9c0f5"}
,"C:\\Users\\PRINCE KUMAR\\English Dictionary\\backend\\src\\middleware\\rateLimiter.js": {"path":"C:\\Users\\PRINCE KUMAR\\English Dictionary\\backend\\src\\middleware\\rateLimiter.js","statementMap":{"0":{"start":{"line":3,"column":18},"end":{"line":3,"column":47}},"1":{"start":{"line":4,"column":15},"end":{"line":4,"column":41}},"2":{"start":{"line":14,"column":19},"end":{"line":36,"column":2}},"3":{"start":{"line":24,"column":8},"end":{"line":24,"column":81}},"4":{"start":{"line":25,"column":8},"end":{"line":28,"column":11}},"5":{"start":{"line":38,"column":0},"end":{"line":38,"column":28}}},"fnMap":{"0":{"name":"(anonymous_0)","decl":{"start":{"line":23,"column":13},"end":{"line":23,"column":14}},"loc":{"start":{"line":23,"column":42},"end":{"line":29,"column":5}},"line":23}},"branchMap":{"0":{"loc":{"start":{"line":16,"column":14},"end":{"line":16,"column":112}},"type":"cond-expr","locations":[{"start":{"line":16,"column":49},"end":{"line":16,"column":95}},{"start":{"line":16,"column":98},"end":{"line":16,"column":112}}],"line":16},"1":{"loc":{"start":{"line":19,"column":9},"end":{"line":19,"column":102}},"type":"cond-expr","locations":[{"start":{"line":19,"column":47},"end":{"line":19,"column":96}},{"start":{"line":19,"column":99},"end":{"line":19,"column":102}}],"line":19}},"s":{"0":1,"1":1,"2":1,"3":4,"4":4,"5":1},"f":{"0":4},"b":{"0":[0,1],"1":[1,0]},"_coverageSchema":"1a1c01bbd47fc00a2c39e90264f33305004495a9","hash":"46a00223e73e84cf7fb3619916f60c87724c7476"}
,"C:\\Users\\PRINCE KUMAR\\English Dictionary\\backend\\src\\middleware\\requestLogger.js": {"path":"C:\\Users\\PRINCE KUMAR\\English Dictionary\\backend\\src\\middleware\\requestLogger.js","statementMap":{"0":{"start":{"line":3,"column":15},"end":{"line":3,"column":41}},"1":{"start":{"line":4,"column":15},"end":{"line":4,"column":32}},"2":{"start":{"line":12,"column":4},"end":{"line":12,"column":51}},"3":{"start":{"line":14,"column":18},"end":{"line":14,"column":28}},"4":{"start":{"line":15,"column":19},"end":{"line":15,"column":29}},"5":{"start":{"line":16,"column":16},"end":{"line":16,"column":42}},"6":{"start":{"line":19,"column":4},"end":{"line":41,"column":7}},"7":{"start":{"line":20,"column":25},"end":{"line":20,"column":43}},"8":{"start":{"line":21,"column":23},"end":{"line":21,"column":37}},"9":{"start":{"line":23,"column":27},"end":{"line":27,"column":9}},"10":{"start":{"line":29,"column":24},"end":{"line":29,"column":42}},"11":{"start":{"line":32,"column":8},"end":{"line":40,"column":9}},"12":{"start":{"line":33,"column":12},"end":{"line":33,"column":46}},"13":{"start":{"line":34,"column":15},"end":{"line":40,"column":9}},"14":{"start":{"line":37,"column":12},"end":{"line":37,"column":45}},"15":{"start":{"line":39,"column":12},"end":{"line":39,"column":45}},"16":{"start":{"line":43,"column":4},"end":{"line":43,"column":11}},"17":{"start":{"line":46,"column":0},"end":{"line":46,"column":31}}},"fnMap":{"0":{"name":"requestLogger","decl":{"start":{"line":10,"column":9},"end":{"line":10,"column":22}},"loc":{"start":{"line":10,"column":39},"end":{"line":44,"column":1}},"line":10},"1":{"name":"(anonymous_1)","decl":{"start":{"line":19,"column":21},"end":{"line":19,"column":22}},"loc":{"start":{"line":19,"column":27},"end":{"line":41,"column":5}},"line":19}},"branchMap":{"0":{"loc":{"start":{"line":16,"column":16},"end":{"line":16,"column":42}},"type":"binary-expr","locations":[{"start":{"line":16,"column":16},"end":{"line":16,"column":31}},{"start":{"line":16,"column":35},"end":{"line":16,"column":42}}],"line":16},"1":{"loc":{"start":{"line":32,"column":8},"end":{"line":40,"column":9}},"type":"if","locations":[{"start":{"line":32,"column":8},"end":{"line":40,"column":9}},{"start":{"line":34,"column":15},"end":{"line":40,"column":9}}],"line":32},"2":{"loc":{"start":{"line":34,"column":15},"end":{"line":40,"column":9}},"type":"if","locations":[{"start":{"line":34,"column":15},"end":{"line":40,"column":9}},{"start":{"line":38,"column":15},"end":{"line":40,"column":9}}],"line":34},"3":{"loc":{"start":{"line":34,"column":19},"end":{"line":34,"column":48}},"type":"binary-expr","locations":[{"start":{"line":34,"column":19},"end":{"line":34,"column":32}},{"start":{"line":34,"column":36},"end":{"line":34,"column":48}}],"line":34}},"s":{"0":1,"1":1,"2":109,"3":109,"4":109,"5":109,"6":109,"7":109,"8":109,"9":109,"10":109,"11":109,"12":1,"13":108,"14":7,"15":101,"16":109,"17":1},"f":{"0":109,"1":109},"b":{"0":[109,0],"1":[1,108],"2":[7,101],"3":[108,7]},"_coverageSchema":"1a1c01bbd47fc00a2c39e90264f33305004495a9","hash":"3da6ca9c4c0e9e9439fcf43df8cf102c85592595"}
,"C:\\Users\\PRINCE KUMAR\\English Dictionary\\backend\\src\\services\\wordService.js": {"path":"C:\\Users\\PRINCE KUMAR\\English Dictionary\\backend\\src\\services\\wordService.js","statementMap":{"0":{"start":{"line":3,"column":13},"end":{"line":3,"column":38}},"1":{"start":{"line":22,"column":4},"end":{"line":26,"column":5}},"2":{"start":{"line":23,"column":22},"end":{"line":23,"column":51}},"3":{"start":{"line":24,"column":8},"end":{"line":24,"column":31}},"4":{"start":{"line":25,"column":8},"end":{"line":25,"column":20}},"5":{"start":{"line":28,"column":24},"end":{"line":28,"column":35}},"6":{"start":{"line":31,"column":4},"end":{"line":35,"column":5}},"7":{"start":{"line":32,"column":22},"end":{"line":32,"column":58}},"8":{"start":{"line":33,"column":8},"end":{"line":33,"column":31}},"9":{"start":{"line":34,"column":8},"end":{"line":34,"column":20}},"10":{"start":{"line":39,"column":27},"end":{"line":39,"column":45}},"11":{"start":{"line":40,"column":4},"end":{"line":44,"column":5}},"12":{"start":{"line":41,"column":22},"end":{"line":41,"column":54}},"13":{"start":{"line":42,"column":8},"end":{"line":42,"column":31}},"14":{"start":{"line":43,"column":8},"end":{"line":43,"column":20}},"15":{"start":{"line":51,"column":27},"end":{"line":51,"column":52}},"16":{"start":{"line":56,"column":19},"end":{"line":57,"column":66}},"17":{"start":{"line":59,"column":4},"end":{"line":59,"column":18}},"18":{"start":{"line":62,"column":0},"end":{"line":64,"column":2}}},"fnMap":{"0":{"name":"getWordByName","decl":{"start":{"line":17,"column":15},"end":{"line":17,"column":28}},"loc":{"start":{"line":17,"column":35},"end":{"line":60,"column":1}},"line":17}},"branchMap":{"0":{"loc":{"start":{"line":22,"column":4},"end":{"line":26,"column":5}},"type":"if","locations":[{"start":{"line":22,"column":4},"end":{"line":26,"column":5}},{"start":{},"end":{}}],"line":22},"1":{"loc":{"start":{"line":22,"column":8},"end":{"line":22,"column":63}},"type":"binary-expr","locations":[{"start":{"line":22,"column":8},"end":{"line":22,"column":13}},{"start":{"line":22,"column":17},"end":{"line":22,"column":41}},{"start":{"line":22,"column":45},"end":{"line":22,"column":63}}],"line":22},"2":{"loc":{"start":{"line":31,"column":4},"end":{"line":35,"column":5}},"type":"if","locations":[{"start":{"line":31,"column":4},"end":{"line":35,"column":5}},{"start":{},"end":{}}],"line":31},"3":{"loc":{"start":{"line":40,"column":4},"end":{"line":44,"column":5}},"type":"if","locations":[{"start":{"line":40,"column":4},"end":{"line":44,"column":5}},{"start":{},"end":{}}],"line":40}},"s":{"0":2,"1":107,"2":1,"3":1,"4":1,"5":106,"6":106,"7":1,"8":1,"9":1,"10":105,"11":105,"12":3,"13":3,"14":3,"15":102,"16":102,"17":102,"18":2},"f":{"0":107},"b":{"0":[1,106],"1":[107,106,106],"2":[1,105],"3":[3,102]},"_coverageSchema":"1a1c01bbd47fc00a2c39e90264f33305004495a9","hash":"eaa5276b3ea3579231c478bf84bc7c34b5e484e3"}
}
