TN:
SF:src\controllers\wordController.js
FN:11,getWord
FNF:1
FNH:1
FNDA:100,getWord
DA:3,1
DA:12,100
DA:13,100
DA:15,100
DA:17,99
DA:18,1
DA:24,98
DA:32,1
DA:36,1
LF:9
LH:9
BRDA:17,0,0,1
BRDA:17,0,1,98
BRF:2
BRH:2
end_of_record
TN:
SF:src\middleware\errorHandler.js
FN:12,errorHandler
FNF:1
FNH:1
FNDA:2,errorHandler
DA:3,1
DA:15,2
DA:17,2
DA:25,2
DA:26,1
DA:28,1
DA:31,2
DA:32,1
DA:48,2
DA:50,2
DA:56,1
LF:11
LH:11
BRDA:15,0,0,2
BRDA:15,0,1,1
BRDA:25,1,0,1
BRDA:25,1,1,1
BRDA:31,2,0,1
BRDA:31,2,1,1
BRDA:31,3,0,2
BRDA:31,3,1,2
BRDA:48,4,0,1
BRDA:48,4,1,1
BRF:10
BRH:10
end_of_record
TN:
SF:src\middleware\notFound.js
FN:8,notFound
FNF:1
FNH:1
FNDA:1,notFound
DA:9,1
DA:15,1
LF:2
LH:2
BRF:0
BRH:0
end_of_record
TN:
SF:src\middleware\rateLimiter.js
FN:23,(anonymous_0)
FNF:1
FNH:1
FNDA:4,(anonymous_0)
DA:3,1
DA:4,1
DA:14,1
DA:24,4
DA:25,4
DA:38,1
LF:6
LH:6
BRDA:16,0,0,0
BRDA:16,0,1,1
BRDA:19,1,0,1
BRDA:19,1,1,0
BRF:4
BRH:2
end_of_record
TN:
SF:src\middleware\requestLogger.js
FN:10,requestLogger
FN:19,(anonymous_1)
FNF:2
FNH:2
FNDA:109,requestLogger
FNDA:109,(anonymous_1)
DA:3,1
DA:4,1
DA:12,109
DA:14,109
DA:15,109
DA:16,109
DA:19,109
DA:20,109
DA:21,109
DA:23,109
DA:29,109
DA:32,109
DA:33,1
DA:34,108
DA:37,7
DA:39,101
DA:43,109
DA:46,1
LF:18
LH:18
BRDA:16,0,0,109
BRDA:16,0,1,0
BRDA:32,1,0,1
BRDA:32,1,1,108
BRDA:34,2,0,7
BRDA:34,2,1,101
BRDA:34,3,0,108
BRDA:34,3,1,7
BRF:8
BRH:7
end_of_record
TN:
SF:src\services\wordService.js
FN:17,getWordByName
FNF:1
FNH:1
FNDA:107,getWordByName
DA:3,2
DA:22,107
DA:23,1
DA:24,1
DA:25,1
DA:28,106
DA:31,106
DA:32,1
DA:33,1
DA:34,1
DA:39,105
DA:40,105
DA:41,3
DA:42,3
DA:43,3
DA:51,102
DA:56,102
DA:59,102
DA:62,2
LF:19
LH:19
BRDA:22,0,0,1
BRDA:22,0,1,106
BRDA:22,1,0,107
BRDA:22,1,1,106
BRDA:22,1,2,106
BRDA:31,2,0,1
BRDA:31,2,1,105
BRDA:40,3,0,3
BRDA:40,3,1,102
BRF:9
BRH:9
end_of_record
